Flow report for Project2-SCProc
Mon Dec 05 13:43:23 2016
Quartus II 64-Bit Version 13.0.1 Build 232 06/12/2013 Service Pack 1 SJ Web Edition


---------------------
; Table of Contents ;
---------------------
  1. Legal Notice
  2. Flow Summary
  3. Flow Settings
  4. Flow Non-Default Global Settings
  5. Flow Elapsed Time
  6. Flow OS Summary
  7. Flow Log
  8. Flow Messages
  9. Flow Suppressed Messages



----------------
; Legal Notice ;
----------------
Copyright (C) 1991-2013 Altera Corporation
Your use of Altera Corporation's design tools, logic functions 
and other software and tools, and its AMPP partner logic 
functions, and any output files from any of the foregoing 
(including device programming or simulation files), and any 
associated documentation or information are expressly subject 
to the terms and conditions of the Altera Program License 
Subscription Agreement, Altera MegaCore Function License 
Agreement, or other applicable license agreement, including, 
without limitation, that your use is for the sole purpose of 
programming logic devices manufactured by Altera and sold by 
Altera or its authorized distributors.  Please refer to the 
applicable agreement for further details.



+---------------------------------------------------------------------------------------+
; Flow Summary                                                                          ;
+-------------------------------------+-------------------------------------------------+
; Flow Status                         ; Successful - Mon Dec 05 13:43:23 2016           ;
; Quartus II 64-Bit Version           ; 13.0.1 Build 232 06/12/2013 SP 1 SJ Web Edition ;
; Revision Name                       ; Project2-SCProc                                 ;
; Top-level Entity Name               ; Project2                                        ;
; Family                              ; Cyclone V                                       ;
; Device                              ; 5CEBA4F23C7                                     ;
; Timing Models                       ; Final                                           ;
; Logic utilization (in ALMs)         ; 1,025 / 18,480 ( 6 % )                          ;
; Total registers                     ; 1221                                            ;
; Total pins                          ; 61 / 224 ( 27 % )                               ;
; Total virtual pins                  ; 0                                               ;
; Total block memory bits             ; 65,536 / 3,153,920 ( 2 % )                      ;
; Total DSP Blocks                    ; 0 / 66 ( 0 % )                                  ;
; Total HSSI RX PCSs                  ; 0                                               ;
; Total HSSI PMA RX Deserializers     ; 0                                               ;
; Total HSSI PMA RX ATT Deserializers ; 0                                               ;
; Total HSSI TX PCSs                  ; 0                                               ;
; Total HSSI PMA TX Serializers       ; 0                                               ;
; Total HSSI PMA TX ATT Serializers   ; 0                                               ;
; Total PLLs                          ; 0 / 4 ( 0 % )                                   ;
; Total DLLs                          ; 0 / 4 ( 0 % )                                   ;
+-------------------------------------+-------------------------------------------------+


+-----------------------------------------+
; Flow Settings                           ;
+-------------------+---------------------+
; Option            ; Setting             ;
+-------------------+---------------------+
; Start date & time ; 12/05/2016 13:41:59 ;
; Main task         ; Compilation         ;
; Revision Name     ; Project2-SCProc     ;
+-------------------+---------------------+


+------------------------------------------------------------------------------------------------------------------------------+
; Flow Non-Default Global Settings                                                                                             ;
+-------------------------------------+---------------------------------------+-----------------+-------------+----------------+
; Assignment Name                     ; Value                                 ; Default Value   ; Entity Name ; Section Id     ;
+-------------------------------------+---------------------------------------+-----------------+-------------+----------------+
; COMPILER_SIGNATURE_ID               ; 31366891840469.148096331912600        ; --              ; --          ; --             ;
; EDA_OUTPUT_DATA_FORMAT              ; Verilog Hdl                           ; --              ; --          ; eda_simulation ;
; EDA_SIMULATION_TOOL                 ; ModelSim-Altera (Verilog)             ; <None>          ; --          ; --             ;
; EDA_TIME_SCALE                      ; 1 ps                                  ; --              ; --          ; eda_simulation ;
; MAX_CORE_JUNCTION_TEMP              ; 85                                    ; --              ; --          ; --             ;
; MIN_CORE_JUNCTION_TEMP              ; 0                                     ; --              ; --          ; --             ;
; PARTITION_COLOR                     ; 16764057                              ; --              ; Project2    ; Top            ;
; PARTITION_FITTER_PRESERVATION_LEVEL ; PLACEMENT_AND_ROUTING                 ; --              ; Project2    ; Top            ;
; PARTITION_NETLIST_TYPE              ; SOURCE                                ; --              ; Project2    ; Top            ;
; POWER_BOARD_THERMAL_MODEL           ; None (CONSERVATIVE)                   ; --              ; --          ; --             ;
; POWER_PRESET_COOLING_SOLUTION       ; 23 MM HEAT SINK WITH 200 LFPM AIRFLOW ; --              ; --          ; --             ;
; PROJECT_OUTPUT_DIRECTORY            ; output_files                          ; --              ; --          ; --             ;
; TOP_LEVEL_ENTITY                    ; Project2                              ; Project2-SCProc ; --          ; --             ;
+-------------------------------------+---------------------------------------+-----------------+-------------+----------------+


+-------------------------------------------------------------------------------------------------------------------------------+
; Flow Elapsed Time                                                                                                             ;
+---------------------------+--------------+-------------------------+---------------------+------------------------------------+
; Module Name               ; Elapsed Time ; Average Processors Used ; Peak Virtual Memory ; Total CPU Time (on all processors) ;
+---------------------------+--------------+-------------------------+---------------------+------------------------------------+
; Analysis & Synthesis      ; 00:00:05     ; 1.0                     ; 534 MB              ; 00:00:05                           ;
; Fitter                    ; 00:00:51     ; 1.0                     ; 1567 MB             ; 00:00:51                           ;
; Assembler                 ; 00:00:05     ; 1.0                     ; 605 MB              ; 00:00:05                           ;
; TimeQuest Timing Analyzer ; 00:00:15     ; 1.0                     ; 1074 MB             ; 00:00:15                           ;
; EDA Netlist Writer        ; 00:00:02     ; 1.0                     ; 520 MB              ; 00:00:02                           ;
; Total                     ; 00:01:18     ; --                      ; --                  ; 00:01:18                           ;
+---------------------------+--------------+-------------------------+---------------------+------------------------------------+


+----------------------------------------------------------------------------------------+
; Flow OS Summary                                                                        ;
+---------------------------+------------------+-----------+------------+----------------+
; Module Name               ; Machine Hostname ; OS Name   ; OS Version ; Processor type ;
+---------------------------+------------------+-----------+------------+----------------+
; Analysis & Synthesis      ; pjztam-desktop   ; Windows 7 ; 6.2        ; x86_64         ;
; Fitter                    ; pjztam-desktop   ; Windows 7 ; 6.2        ; x86_64         ;
; Assembler                 ; pjztam-desktop   ; Windows 7 ; 6.2        ; x86_64         ;
; TimeQuest Timing Analyzer ; pjztam-desktop   ; Windows 7 ; 6.2        ; x86_64         ;
; EDA Netlist Writer        ; pjztam-desktop   ; Windows 7 ; 6.2        ; x86_64         ;
+---------------------------+------------------+-----------+------------+----------------+


------------
; Flow Log ;
------------
quartus_map --read_settings_files=on --write_settings_files=off Project2-SCProc -c Project2-SCProc
quartus_fit --read_settings_files=off --write_settings_files=off Project2-SCProc -c Project2-SCProc
quartus_asm --read_settings_files=off --write_settings_files=off Project2-SCProc -c Project2-SCProc
quartus_sta Project2-SCProc -c Project2-SCProc
quartus_eda --read_settings_files=off --write_settings_files=off Project2-SCProc -c Project2-SCProc



